<?xml version="1.0" encoding="UTF-8"?>
<!-- Generated by org.testng.reporters.JUnitReportReporter -->
<testsuite hostname="Deveshs-Laptop.local" failures="0" tests="2" name="com.qa.hubspot.tests.HomePageTest" time="124.793" errors="0" timestamp="07 Jan 2025 18:49:33 GMT" skipped="1">
  <testcase classname="com.qa.hubspot.tests.HomePageTest" name="homePageTitleTest" time="124.793"/>
  <testcase classname="com.qa.hubspot.tests.HomePageTest" name="verifyHomePageHeaderTest">
    <skipped/>
  </testcase> <!-- verifyHomePageHeaderTest -->
</testsuite> <!-- com.qa.hubspot.tests.HomePageTest -->
